<?xml version="1.0" encoding="UTF-8"?>
<!-- Generated by org.testng.reporters.JUnitReportReporter -->
<testsuite hostname="DiptiDash-PC" name="random.VerifyTitle" tests="2" failures="0" timestamp="28 May 2020 12:49:37 GMT" time="21.492" errors="0">
  <testcase name="car" time="0.027" classname="random.VerifyTitle"/>
  <testcase name="verify" time="21.465" classname="random.VerifyTitle"/>
</testsuite> <!-- random.VerifyTitle -->
