<?xml version="1.0" encoding="UTF-8"?>
<!-- Generated by org.testng.reporters.JUnitReportReporter -->
<testsuite hostname="DiptiDash-PC" name="random.TestMethodsinPriority" tests="4" failures="0" timestamp="27 May 2020 12:12:58 GMT" time="0.037" errors="0">
  <testcase name="papu" time="0.005" classname="random.TestMethodsinPriority"/>
  <testcase name="bapu" time="0.003" classname="random.TestMethodsinPriority"/>
  <testcase name="dipti" time="0.004" classname="random.TestMethodsinPriority"/>
  <testcase name="som" time="0.025" classname="random.TestMethodsinPriority"/>
</testsuite> <!-- random.TestMethodsinPriority -->
