<?xml version="1.0" encoding="UTF-8"?>
<!-- Generated by org.testng.reporters.JUnitReportReporter -->
<testsuite skipped="0" hostname="LAPTOP-93BLMV24" name="random.MultipleTestMethods" tests="4" failures="0" timestamp="19 Aug 2020 13:18:31 GMT" time="0.009" errors="0">
  <testcase name="som" time="0.001" classname="random.MultipleTestMethods"/>
  <testcase name="dipti" time="0.001" classname="random.MultipleTestMethods"/>
  <testcase name="bapu" time="0.007" classname="random.MultipleTestMethods"/>
  <testcase name="papu" time="0.000" classname="random.MultipleTestMethods"/>
</testsuite> <!-- random.MultipleTestMethods -->
