<?xml version="1.0" encoding="UTF-8"?>
<!-- Generated by org.testng.reporters.JUnitReportReporter -->
<testsuite skipped="0" hostname="DiptiDash-PC" name="random.TestMethodsMultipleTimes" tests="5" failures="0" timestamp="12 Jun 2020 14:27:07 GMT" time="0.031" errors="0">
  <testcase name="papu" time="0.015" classname="random.TestMethodsMultipleTimes"/>
  <testcase name="bapu" time="0.000" classname="random.TestMethodsMultipleTimes"/>
  <testcase name="papu" time="0.000" classname="random.TestMethodsMultipleTimes"/>
  <testcase name="bapu" time="0.016" classname="random.TestMethodsMultipleTimes"/>
  <testcase name="bapu" time="0.000" classname="random.TestMethodsMultipleTimes"/>
</testsuite> <!-- random.TestMethodsMultipleTimes -->
