<?xml version="1.0" encoding="UTF-8"?>
<!-- Generated by org.testng.reporters.JUnitReportReporter -->
<testsuite skipped="0" hostname="DiptiDash-PC" name="random.TestNGAnnotations" tests="3" failures="0" timestamp="16 Jun 2020 07:17:02 GMT" time="0.026" errors="0">
  <testcase name="Bmw" time="0.006" classname="random.TestNGAnnotations"/>
  <testcase name="Benz" time="0.004" classname="random.TestNGAnnotations"/>
  <testcase name="Audi" time="0.016" classname="random.TestNGAnnotations"/>
</testsuite> <!-- random.TestNGAnnotations -->
